preprocessing...
creating the lattice without color...
saving all worlds...
running euler to get MIS...
from MIS to MAC and get lattice...
done 0 / 11
done 1 / 11
done 2 / 11
done 3 / 11
done 4 / 11
done 5 / 11
done 6 / 11
done 7 / 11
done 8 / 11
done 9 / 11
done 10 / 11
done 11 / 11
done 0 / 19
done 1 / 19
done 2 / 19
done 3 / 19
done 4 / 19
done 5 / 19
done 6 / 19
done 7 / 19
done 8 / 19
done 9 / 19
done 10 / 19
done 11 / 19
done 12 / 19
done 13 / 19
done 14 / 19
done 15 / 19
done 16 / 19
done 17 / 19
done 18 / 19
done 19 / 19
finish
