Euler CLI 2.0 doc

Usage:
	euler2 (-h | --help)
	euler2 --version
	euler2 check <inputfile>...
	euler2 align <inputfile>... [-o OUTFOLDER] [-e METHOD] [-r TOOL] [-n NPW] [--consistency] [--hidemirdisjoint] [--disablecov] [--disablesib] [--repair=WAY] [--artRem] [--fourinone] [--xia] [--ur] [--ie] [--ieo] [--pw]
	euler2 show <name> [--svg]
	euler2 show [-o OUTFOLDER] <name> [--svg]
	euler2 show iv <inputfile>... [-o OUTFOLDER] [--svg]


Options:
    -h --help		  Show this screen.
    --version		  Show version.
    -e METHOD		  Set the encoding method, including mnpw, mncb, mnve, vrpw, vrve [default: mnpw].
    -r TOOl		  Set the reasoner, including dlv and gringo [default: dlv].
    -n NPW		  Set the number of possible worlds output, by default output all PWs.
    -o OUTFOLDER	  Set the output folder, ignore it to use the current folder.
    --consistency	  Check consistency ONLY.
    --disablecov	  Disable coverage.
    --disablesib	  Disable sibling disjointness.
    --repair WAY	  Repair inconsistency.
    --artRem		  Articulation remover.
    --fourinone		  Four in one lattice.
    --xia		  Extract input file.
    --svg		  Generate svg files instead of pdf files
    --ur		  Uncertainty reduction.
    --pw		  Output also possible worlds in Shawn's reasoner, used with -r rcc1.
    <name>		  The knowledge product you want to show, including: 
    				iv (input visualization)
    				pw (possible worlds)
    				sv (summary view, including aggregate view, cluster view, hierarchy view)
