preprocessing...
creating the lattice without color...
saving all worlds...
running euler to get MIS...
from MIS to MAC and get lattice...
done 0 / 13
done 1 / 13
done 2 / 13
done 3 / 13
done 4 / 13
done 5 / 13
done 6 / 13
done 7 / 13
done 8 / 13
done 9 / 13
done 10 / 13
done 11 / 13
done 12 / 13
done 13 / 13
done 0 / 17
done 1 / 17
done 2 / 17
done 3 / 17
done 4 / 17
done 5 / 17
done 6 / 17
done 7 / 17
done 8 / 17
done 9 / 17
done 10 / 17
done 11 / 17
done 12 / 17
done 13 / 17
done 14 / 17
done 15 / 17
done 16 / 17
done 17 / 17
finish
